<?xml version="1.0" encoding="UTF-8"?>
<!-- Generated by org.testng.reporters.JUnitReportReporter -->
<testsuite hostname="KarinyPC.local" failures="0" tests="1" name="test.Runner" time="6.198" errors="0" timestamp="2024-08-01T20:08:03 PDT" skipped="0">
  <testcase classname="test.Runner" name="newAccount" time="6.198"/>
  <system-out/>
</testsuite> <!-- test.Runner -->
