<?xml version="1.0" encoding="UTF-8"?>
<!-- Generated by org.testng.reporters.JUnitReportReporter -->
<testsuite hostname="KarinyPC.local" failures="0" tests="3" name="tests.TestDemoBlaze" time="2.176" errors="0" timestamp="2024-07-11T19:09:43 PDT" skipped="0">
  <testcase classname="tests.TestDemoBlaze" name="testLogin" time="0.717"/>
  <system-out/>
  <testcase classname="tests.TestDemoBlaze" name="testAddProductToCart" time="1.044"/>
  <system-out/>
  <testcase classname="tests.TestDemoBlaze" name="testContactSupport" time="0.415"/>
  <system-out/>
</testsuite> <!-- tests.TestDemoBlaze -->
