<?xml version="1.0" encoding="UTF-8"?>
<!-- Generated by org.testng.reporters.JUnitReportReporter -->
<testsuite hostname="KarinyPC.local" failures="0" tests="1" name="WebdriverCommands" time="15.426" errors="0" timestamp="2024-07-05T19:54:03 PDT" skipped="0">
  <testcase classname="WebdriverCommands" name="setUp" time="15.426"/>
  <system-out/>
</testsuite> <!-- WebdriverCommands -->
