<?xml version="1.0" encoding="UTF-8"?>
<!-- Generated by org.testng.reporters.JUnitReportReporter -->
<testsuite hostname="KarinyPC.local" failures="0" tests="1" name="SeleniumAlert2" time="14.823" errors="0" timestamp="2024-07-05T18:33:31 PDT" skipped="0">
  <testcase classname="SeleniumAlert2" name="emptyLogin" time="14.823"/>
  <system-out/>
</testsuite> <!-- SeleniumAlert2 -->
