<?xml version="1.0" encoding="UTF-8"?>
<!-- Generated by org.testng.reporters.JUnitReportReporter -->
<testsuite hostname="KarinyPC.local" failures="0" tests="2" name="tests.TestHomePage" time="2.075" errors="0" timestamp="2024-07-11T18:25:58 PDT" skipped="0">
  <testcase classname="tests.TestHomePage" name="testNavigateToSpanishWikipediaAndSearch" time="1.129"/>
  <system-out/>
  <testcase classname="tests.TestHomePage" name="testNavigateToGermanWikipedia" time="0.946"/>
  <system-out/>
</testsuite> <!-- tests.TestHomePage -->
