<?xml version="1.0" encoding="UTF-8"?>
<!-- Generated by org.testng.reporters.JUnitReportReporter -->
<testsuite hostname="KarinyPC.local" failures="0" tests="1" name="tests.TestSearchResultPage" time="1.099" errors="0" timestamp="2024-07-11T18:25:58 PDT" skipped="0">
  <testcase classname="tests.TestSearchResultPage" name="testSearchResultsDisplayed" time="1.099"/>
  <system-out/>
</testsuite> <!-- tests.TestSearchResultPage -->
