<?xml version="1.0" encoding="UTF-8"?>
<!-- Generated by org.testng.reporters.JUnitReportReporter -->
<testsuite hostname="KarinyPC.local" failures="0" tests="1" name="FirstTest" time="0.722" errors="0" timestamp="2024-07-24T19:03:07 PDT" skipped="0">
  <testcase classname="FirstTest" name="testDemoBlazeHomePage" time="0.722"/>
  <system-out/>
</testsuite> <!-- FirstTest -->
