<?xml version="1.0" encoding="UTF-8"?>
<!-- Generated by org.testng.reporters.JUnitReportReporter -->
<testsuite hostname="KarinyPC.local" failures="0" tests="1" name="tests.ImplicitWaitGoogleSearchTest" time="0.340" errors="0" timestamp="2024-07-11T17:35:42 PDT" skipped="0">
  <testcase classname="tests.ImplicitWaitGoogleSearchTest" name="testGoogleSearch" time="0.340"/>
  <system-out/>
</testsuite> <!-- tests.ImplicitWaitGoogleSearchTest -->
